[02:46:19.510] [Info] Root: Preparing Root...
[02:46:19.510] [Info] Root: Done preparing Root.
[02:46:19.510] [Info] Client Version 1.3.4 (windows x86_64) Source ID: f468c99f113f3d44bb548367da9c9a1c6f4b031d Protocol: 745
[02:46:19.510] [Info] Root: Scanning for asset sources in directory '..\assets\'
[02:46:20.400] [Info] Root: Scanning for asset sources in directory '..\mods\'
[02:46:20.447] [Warn] Root: Unrecognized file in asset directory 'EnhancedStorage_v5.7.2.zip', skipping
[02:46:20.447] [Warn] Root: Unrecognized file in asset directory 'mods_go_here', skipping
[02:46:20.447] [Info] Root: Detected asset source named 'base' at '..\assets\packed.pak'
[02:46:20.447] [Info] Root: Detected asset source named 'Enhanced Storage' at '..\mods\EnhancedStorage_v5.7.2.pak'
[02:46:20.447] [Info] Root: Detected asset source named 'Enhanced Storage [Hoarder Addon]' at '..\mods\EnhancedStorage[HoarderAddon]_v3.0.2.pak'
[02:46:20.447] [Info] Root: Detected unnamed asset source at '..\mods\EnhancedStorage_v5.7.2'
[02:46:20.447] [Info] Root: Detected unnamed asset source at '..\assets\user'
[02:46:20.447] [Info] Loading assets from: '..\assets\packed.pak'
[02:46:21.580] [Info] Loading assets from: '..\mods\EnhancedStorage_v5.7.2.pak'
[02:46:21.655] [Info] Loading assets from: '..\mods\EnhancedStorage[HoarderAddon]_v3.0.2.pak'
[02:46:21.701] [Info] Loading assets from: '..\mods\EnhancedStorage_v5.7.2'
[02:46:21.705] [Info] Loading assets from: '..\assets\user'
[02:46:23.006] [Info] Assets digest is 57883e9154e784c000c9857bd54fc97149310adb73f1c740f17466193fcd502f
[02:46:23.007] [Info] Root: Loaded Assets in 3.4961 seconds
[02:46:23.012] [Info] Application: Initializing SDL Video
[02:46:23.022] [Info] Application: Initializing SDL Joystick
[02:46:23.074] [Info] Application: Initializing SDL Sound
[02:46:23.217] [Info] Initialized Steam platform services
[02:46:23.248] [Error] Failed to instantiate discord core (err 4)
[02:46:23.248] [Info] Was not able to authenticate with Discord and create all components, Discord services will be unavailable
[02:46:23.265] [Info] Application: Creating SDL Window
[02:46:23.545] [Info] Application: Enabling VSync with late swap tearing
[02:46:23.545] [Info] Application: Enabling VSync late swap tearing failed, falling back to full VSync
[02:46:23.584] [Info] Application: Opened default audio device with 44.1khz / 16 bit stereo audio, 2048 sample size buffer
[02:46:23.589] [Info] OpenGL version: '4.5.0 - Build 23.20.16.4973' vendor: 'Intel' renderer: 'Intel(R) HD Graphics 620' shader: '4.50 - Build 23.20.16.4973'
[02:46:23.607] [Info] Application: initialization...
[02:46:23.609] [Info] Root: Loaded Configuration in 0.00155148 seconds
[02:46:23.616] [Info] Application: renderer initialization...
[02:46:23.644] [Info] detected supported OpenGL texture size 16384, using atlasNumCells 128
[02:46:23.645] [Info] detected supported OpenGL texture size 16384, using atlasNumCells 64
[02:46:23.648] [Info] Root: Loaded ImageMetadataDatabase in 2.26556e-06 seconds
[02:46:23.685] [Info] Application: main update loop...
[02:46:23.689] [Info] No subscribed user generated content
[02:46:23.718] [Info] Root: Loaded NameGenerator in 0.0276408 seconds
[02:46:23.907] [Info] Root: Loaded PlantDatabase in 0.189304 seconds
[02:46:24.516] [Info] Root: Loaded ObjectDatabase in 0.824671 seconds
[02:46:24.732] [Info] Root: Loaded ProjectileDatabase in 0.824847 seconds
[02:46:24.765] [Info] Root: Loaded MonsterDatabase in 0.249152 seconds
[02:46:24.767] [Info] Root: Loaded StagehandDatabase in 0.00207707 seconds
[02:46:24.774] [Info] Root: Loaded VehicleDatabase in 0.00622631 seconds
[02:46:24.779] [Info] Root: Loaded PlayerFactory in 0.00526159 seconds
[02:46:24.799] [Info] Root: Loaded NpcDatabase in 0.065838 seconds
[02:46:24.801] [Info] Root: Loaded VersioningDatabase in 0.00199061 seconds
[02:46:24.801] [Info] Root: Loaded EntityFactory in 0.0220571 seconds
[02:46:24.853] [Info] Root: Loaded ParticleDatabase in 0.0528522 seconds
[02:46:25.137] [Info] Root: Loaded MaterialDatabase in 0.336565 seconds
[02:46:25.145] [Info] Root: Loaded TerrainDatabase in 0.00718989 seconds
[02:46:25.193] [Info] Root: Loaded BiomeDatabase in 0.0479297 seconds
[02:46:25.194] [Info] Root: Loaded LiquidsDatabase in 0.00167306 seconds
[02:46:25.203] [Info] Root: Loaded StatusEffectDatabase in 0.00846196 seconds
[02:46:25.511] [Info] Root: Loaded DamageDatabase in 0.307609 seconds
[02:46:25.517] [Info] Root: Loaded EffectSourceDatabase in 0.00575131 seconds
[02:46:25.520] [Info] Root: Loaded FunctionDatabase in 0.00332837 seconds
[02:46:25.554] [Info] Root: Loaded TreasureDatabase in 0.0346744 seconds
[02:46:25.840] [Info] Root: Loaded DungeonDefinitions in 0.285675 seconds
[02:46:25.841] [Info] Root: Loaded TilesetDatabase in 3.54926e-05 seconds
[02:46:25.843] [Info] Root: Loaded StatisticsDatabase in 0.00327551 seconds
[02:46:25.843] [Info] Root: Loaded EmoteProcessor in 7.13628e-05 seconds
[02:46:25.850] [Info] Root: Loaded SpeciesDatabase in 0.00574338 seconds
[02:46:25.867] [Info] Root: Loaded QuestTemplateDatabase in 0.0168314 seconds
[02:46:25.868] [Info] Root: Loaded AiDatabase in 0.00129397 seconds
[02:46:25.868] [Info] Root: Loaded TechDatabase in 0.000908837 seconds
[02:46:25.877] [Info] Root: Loaded CodexDatabase in 0.00896112 seconds
[02:46:26.196] [Info] Root: Loaded BehaviorDatabase in 0.318325 seconds
[02:46:26.199] [Info] Root: Loaded DanceDatabase in 0.00221225 seconds
[02:46:26.206] [Info] Root: Loaded SpawnTypeDatabase in 0.00773701 seconds
[02:46:26.211] [Info] Root: Loaded RadioMessageDatabase in 0.00473562 seconds
[02:46:28.019] [Info] Root: Writing runtime configuration to '..\storage\starbound.config'
[02:46:29.914] [Info] Root: Loaded ItemDatabase in 5.11543 seconds
[02:46:30.075] [Info] Root: Loaded CollectionDatabase in 3.86407 seconds
[02:46:31.432] [Info] detected supported OpenGL texture size 16384, using atlasNumCells 256
