[00:36:09.379] [Info] Root: Preparing Root...
[00:36:09.379] [Info] Root: Done preparing Root.
[00:36:09.379] [Info] Client Version 1.3.4 (windows x86_64) Source ID: f468c99f113f3d44bb548367da9c9a1c6f4b031d Protocol: 745
[00:36:09.380] [Info] Root: Scanning for asset sources in directory '..\assets\'
[00:36:10.433] [Info] Root: Scanning for asset sources in directory '..\mods\'
[00:36:10.456] [Warn] Root: Unrecognized file in asset directory 'Artifact Trophies.rar', skipping
[00:36:10.487] [Warn] Root: Unrecognized file in asset directory 'Craftable Figurines 1.00.zip', skipping
[00:36:10.581] [Warn] Root: Unrecognized file in asset directory 'EnhancedStorage_v5.7.2.zip', skipping
[00:36:10.610] [Warn] Root: Unrecognized file in asset directory 'StarboyHandheldGamesV1.6.1.zip', skipping
[00:36:10.634] [Warn] Root: Unrecognized file in asset directory 'byos1.3.zip', skipping
[00:36:10.634] [Warn] Root: Unrecognized file in asset directory 'mods_go_here', skipping
[00:36:10.634] [Info] Root: Detected asset source named 'base' at '..\assets\packed.pak'
[00:36:10.634] [Info] Root: Detected asset source named 'Artifact Trophies' at '..\mods\Artifact Trophies'
[00:36:10.634] [Info] Root: Detected asset source named 'Community Art Pack' at '..\mods\Community_Art_Pack.pak'
[00:36:10.634] [Info] Root: Detected unnamed asset source at '..\mods\Craftable Figurines 1.00'
[00:36:10.634] [Info] Root: Detected asset source named 'Enhanced Storage' at '..\mods\EnhancedStorage_v5.7.2.pak'
[00:36:10.634] [Info] Root: Detected asset source named 'Enhanced Storage [Hoarder Addon]' at '..\mods\EnhancedStorage[HoarderAddon]_v3.0.2.pak'
[00:36:10.634] [Info] Root: Detected asset source named 'ExtraZoomLevels' at '..\mods\ExtraZoomLevels.pak'
[00:36:10.634] [Info] Root: Detected asset source named 'Starboy Handheld Games' at '..\mods\StarboyHandheldGames'
[00:36:10.635] [Info] Root: Detected asset source named 'playerportraits' at '..\mods\artwork.pak'
[00:36:10.635] [Info] Root: Detected asset source named 'byos' at '..\mods\byos'
[00:36:10.635] [Info] Root: Detected unnamed asset source at '..\assets\user'
[00:36:10.635] [Info] Loading assets from: '..\assets\packed.pak'
[00:36:11.634] [Info] Loading assets from: '..\mods\Artifact Trophies'
[00:36:11.644] [Info] Loading assets from: '..\mods\Community_Art_Pack.pak'
[00:36:11.655] [Info] Loading assets from: '..\mods\Craftable Figurines 1.00'
[00:36:11.667] [Info] Loading assets from: '..\mods\EnhancedStorage_v5.7.2.pak'
[00:36:11.701] [Info] Loading assets from: '..\mods\EnhancedStorage[HoarderAddon]_v3.0.2.pak'
[00:36:11.728] [Info] Loading assets from: '..\mods\ExtraZoomLevels.pak'
[00:36:11.728] [Info] Loading assets from: '..\mods\StarboyHandheldGames'
[00:36:11.746] [Info] Loading assets from: '..\mods\artwork.pak'
[00:36:11.748] [Info] Loading assets from: '..\mods\byos'
[00:36:11.752] [Info] Loading assets from: '..\assets\user'
[00:36:15.968] [Info] Assets digest is c5a497d3e3721db09240da43555ec700dbea7f6daeb2593c89e220592d976d40
[00:36:15.969] [Info] Root: Loaded Assets in 6.58881 seconds
[00:36:15.973] [Info] Application: Initializing SDL Video
[00:36:15.982] [Info] Application: Initializing SDL Joystick
[00:36:16.076] [Info] Application: Initializing SDL Sound
[00:36:16.259] [Info] Initialized Steam platform services
[00:36:16.305] [Info] Initialized Discord platform services
[00:36:16.330] [Info] Application: Creating SDL Window
[00:36:16.594] [Info] Application: Enabling VSync with late swap tearing
[00:36:16.595] [Info] Application: Enabling VSync late swap tearing failed, falling back to full VSync
[00:36:16.597] [Error] Application: Could not open audio device, no sound available!
[00:36:16.604] [Info] OpenGL version: '4.5.0 - Build 23.20.16.4973' vendor: 'Intel' renderer: 'Intel(R) HD Graphics 620' shader: '4.50 - Build 23.20.16.4973'
[00:36:16.662] [Info] Application: initialization...
[00:36:16.676] [Info] Root: Loaded Configuration in 0.0137443 seconds
[00:36:16.683] [Info] Application: renderer initialization...
[00:36:16.743] [Info] detected supported OpenGL texture size 16384, using atlasNumCells 128
[00:36:16.744] [Info] detected supported OpenGL texture size 16384, using atlasNumCells 64
[00:36:16.749] [Info] Root: Loaded ImageMetadataDatabase in 1.88791e-06 seconds
[00:36:16.912] [Info] Application: main update loop...
[00:36:16.918] [Info] Loading mods from user generated content with id '729466018' from directory 'C:\Program Files (x86)\Steam\steamapps\workshop\content\211820\729466018'
[00:36:16.918] [Info] Loading mods from user generated content with id '760448042' from directory 'C:\Program Files (x86)\Steam\steamapps\workshop\content\211820\760448042'
[00:36:16.918] [Info] Loading mods from user generated content with id '1335123569' from directory 'C:\Program Files (x86)\Steam\steamapps\workshop\content\211820\1335123569'
[00:36:16.918] [Info] Loading mods from user generated content with id '1088459034' from directory 'C:\Program Files (x86)\Steam\steamapps\workshop\content\211820\1088459034'
[00:36:16.918] [Info] Loading mods from user generated content with id '760881689' from directory 'C:\Program Files (x86)\Steam\steamapps\workshop\content\211820\760881689'
[00:36:16.918] [Info] Reloading to include all user generated content
[00:36:16.919] [Info] Root: Reloading from disk
[00:36:16.919] [Info] Root: Writing runtime configuration to '..\storage\starbound.config'
[00:36:16.950] [Info] Root: Loaded Configuration in 0.0010274 seconds
[00:36:16.950] [Info] Root: Scanning for asset sources in directory '..\assets\'
[00:36:17.727] [Info] Root: Scanning for asset sources in directory '..\mods\'
[00:36:17.733] [Warn] Root: Unrecognized file in asset directory 'Artifact Trophies.rar', skipping
[00:36:17.748] [Warn] Root: Unrecognized file in asset directory 'Craftable Figurines 1.00.zip', skipping
[00:36:17.792] [Warn] Root: Unrecognized file in asset directory 'EnhancedStorage_v5.7.2.zip', skipping
[00:36:17.800] [Warn] Root: Unrecognized file in asset directory 'StarboyHandheldGamesV1.6.1.zip', skipping
[00:36:17.803] [Warn] Root: Unrecognized file in asset directory 'byos1.3.zip', skipping
[00:36:17.803] [Warn] Root: Unrecognized file in asset directory 'mods_go_here', skipping
[00:36:17.804] [Info] Root: Scanning for asset sources in directory 'C:\Program Files (x86)\Steam\steamapps\workshop\content\211820\729466018'
[00:36:17.813] [Info] Root: Scanning for asset sources in directory 'C:\Program Files (x86)\Steam\steamapps\workshop\content\211820\760448042'
[00:36:17.826] [Info] Root: Scanning for asset sources in directory 'C:\Program Files (x86)\Steam\steamapps\workshop\content\211820\1335123569'
[00:36:17.835] [Info] Root: Scanning for asset sources in directory 'C:\Program Files (x86)\Steam\steamapps\workshop\content\211820\1088459034'
[00:36:17.844] [Info] Root: Scanning for asset sources in directory 'C:\Program Files (x86)\Steam\steamapps\workshop\content\211820\760881689'
[00:36:17.862] [Info] Root: Detected asset source named 'base' at '..\assets\packed.pak'
[00:36:17.863] [Info] Root: Detected asset source named 'Artifact Trophies' at '..\mods\Artifact Trophies'
[00:36:17.863] [Info] Root: Detected asset source named 'Community Art Pack' at '..\mods\Community_Art_Pack.pak'
[00:36:17.863] [Info] Root: Detected unnamed asset source at '..\mods\Craftable Figurines 1.00'
[00:36:17.863] [Info] Root: Detected asset source named 'CustomCollectionsUI' at 'C:\Program Files (x86)\Steam\steamapps\workshop\content\211820\760881689\contents.pak'
[00:36:17.863] [Info] Root: Detected asset source named 'Trading Cards' at 'C:\Program Files (x86)\Steam\steamapps\workshop\content\211820\760448042\contents.pak'
[00:36:17.863] [Info] Root: Detected asset source named 'Enhanced Storage' at '..\mods\EnhancedStorage_v5.7.2.pak'
[00:36:17.863] [Info] Root: Detected asset source named 'Enhanced Storage [Hoarder Addon]' at '..\mods\EnhancedStorage[HoarderAddon]_v3.0.2.pak'
[00:36:17.863] [Info] Root: Detected asset source named 'ExtraZoomLevels' at '..\mods\ExtraZoomLevels.pak'
[00:36:17.863] [Info] Root: Detected asset source named 'Starboy Handheld Games' at '..\mods\StarboyHandheldGames'
[00:36:17.863] [Info] Root: Detected asset source named 'playerportraits' at '..\mods\artwork.pak'
[00:36:17.863] [Info] Root: Detected asset source named 'byos' at '..\mods\byos'
[00:36:17.863] [Info] Root: Detected asset source named 'Item Frame v1.3' at 'C:\Program Files (x86)\Steam\steamapps\workshop\content\211820\729466018\contents.pak'
[00:36:17.863] [Info] Root: Detected asset source named 'QuickbarMini' at 'C:\Program Files (x86)\Steam\steamapps\workshop\content\211820\1088459034\QuickbarMini.pak'
[00:36:17.863] [Info] Root: Detected asset source named 'Aether Book Creator' at 'C:\Program Files (x86)\Steam\steamapps\workshop\content\211820\1335123569\contents.pak'
[00:36:17.863] [Info] Root: Detected unnamed asset source at '..\assets\user'
[00:36:17.863] [Info] Loading assets from: '..\assets\packed.pak'
[00:36:18.896] [Info] Loading assets from: '..\mods\Artifact Trophies'
[00:36:18.909] [Info] Loading assets from: '..\mods\Community_Art_Pack.pak'
[00:36:18.920] [Info] Loading assets from: '..\mods\Craftable Figurines 1.00'
[00:36:18.930] [Info] Loading assets from: 'C:\Program Files (x86)\Steam\steamapps\workshop\content\211820\760881689\contents.pak'
[00:36:18.930] [Info] Loading assets from: 'C:\Program Files (x86)\Steam\steamapps\workshop\content\211820\760448042\contents.pak'
[00:36:18.935] [Info] Loading assets from: '..\mods\EnhancedStorage_v5.7.2.pak'
[00:36:18.971] [Info] Loading assets from: '..\mods\EnhancedStorage[HoarderAddon]_v3.0.2.pak'
[00:36:18.993] [Info] Loading assets from: '..\mods\ExtraZoomLevels.pak'
[00:36:18.993] [Info] Loading assets from: '..\mods\StarboyHandheldGames'
[00:36:19.007] [Info] Loading assets from: '..\mods\artwork.pak'
[00:36:19.008] [Info] Loading assets from: '..\mods\byos'
[00:36:19.011] [Info] Loading assets from: 'C:\Program Files (x86)\Steam\steamapps\workshop\content\211820\729466018\contents.pak'
[00:36:19.012] [Info] Loading assets from: 'C:\Program Files (x86)\Steam\steamapps\workshop\content\211820\1088459034\QuickbarMini.pak'
[00:36:19.013] [Info] Loading assets from: 'C:\Program Files (x86)\Steam\steamapps\workshop\content\211820\1335123569\contents.pak'
[00:36:19.014] [Info] Loading assets from: '..\assets\user'
[00:36:19.818] [Info] Assets digest is 61d082c7962f1abef63fec2d49172e0064147cf6c3ccd4b3e1c505e92851c3e4
[00:36:19.819] [Info] Root: Loaded Assets in 2.86814 seconds
[00:36:19.846] [Info] Root: Loaded NameGenerator in 0.0263589 seconds
[00:36:19.901] [Info] Root: Loaded ImageMetadataDatabase in 1.88791e-06 seconds
[00:36:20.124] [Info] Root: Loaded PlantDatabase in 0.277719 seconds
[00:36:21.052] [Info] Root: Loaded ProjectileDatabase in 0.927422 seconds
[00:36:21.273] [Info] Root: Loaded ObjectDatabase in 1.45359 seconds
[00:36:21.433] [Info] Root: Loaded NpcDatabase in 0.15879 seconds
[00:36:21.437] [Info] Root: Loaded StagehandDatabase in 0.00412016 seconds
[00:36:21.447] [Info] Root: Loaded VehicleDatabase in 0.0113935 seconds
[00:36:21.473] [Info] Root: Loaded PlayerFactory in 0.0256849 seconds
[00:36:21.506] [Info] Root: Loaded MonsterDatabase in 0.455273 seconds
[00:36:21.511] [Info] Root: Loaded VersioningDatabase in 0.0051536 seconds
[00:36:21.511] [Info] Root: Loaded EntityFactory in 0.0379812 seconds
[00:36:21.633] [Info] Root: Loaded ParticleDatabase in 0.120793 seconds
[00:36:23.370] [Info] Root: Loaded MaterialDatabase in 1.8584 seconds
[00:36:23.386] [Info] Root: Loaded TerrainDatabase in 0.0161155 seconds
[00:36:23.547] [Info] Root: Loaded BiomeDatabase in 0.160199 seconds
[00:36:23.549] [Info] Root: Loaded LiquidsDatabase in 0.00175386 seconds
[00:36:23.565] [Info] Root: Loaded StatusEffectDatabase in 0.0162012 seconds
[00:36:23.979] [Info] Root: Loaded DamageDatabase in 0.413895 seconds
[00:36:24.001] [Info] Root: Loaded EffectSourceDatabase in 0.021681 seconds
[00:36:24.007] [Info] Root: Loaded FunctionDatabase in 0.00563614 seconds
[00:36:24.075] [Info] Root: Loaded TreasureDatabase in 0.0696406 seconds
[00:36:24.890] [Info] Root: Loaded DungeonDefinitions in 0.814415 seconds
[00:36:24.891] [Info] Root: Loaded TilesetDatabase in 0.0010089 seconds
[00:36:24.920] [Info] Root: Loaded StatisticsDatabase in 0.0288592 seconds
[00:36:24.921] [Info] Root: Loaded EmoteProcessor in 0.000335291 seconds
[00:36:25.017] [Info] Root: Loaded SpeciesDatabase in 0.0961441 seconds
[00:36:25.143] [Info] Root: Loaded QuestTemplateDatabase in 0.125424 seconds
[00:36:25.150] [Info] Root: Loaded AiDatabase in 0.00687536 seconds
[00:36:25.156] [Info] Root: Loaded TechDatabase in 0.00581738 seconds
[00:36:25.212] [Info] Root: Loaded CodexDatabase in 0.0569312 seconds
[00:36:26.462] [Info] Root: Loaded BehaviorDatabase in 1.24892 seconds
[00:36:26.471] [Info] Root: Loaded DanceDatabase in 0.00915331 seconds
[00:36:26.488] [Info] Root: Loaded SpawnTypeDatabase in 0.0168918 seconds
[00:36:26.498] [Info] Root: Loaded RadioMessageDatabase in 0.00945084 seconds
[00:36:30.837] [Info] Root: Loaded ItemDatabase in 9.33052 seconds
[00:36:31.073] [Info] Root: Loaded CollectionDatabase in 4.57543 seconds
[00:36:32.759] [Info] detected supported OpenGL texture size 16384, using atlasNumCells 256
[00:37:03.057] [Info] UniverseServer: Acquiring universe lock file
[00:37:03.065] [Info] UniverseServer: Loading settings
[00:37:03.096] [Info] UniverseServer: Starting UniverseServer with UUID: 92b9aa6762eeaad1fab3c135e38d311b
[00:37:03.135] [Info] UniverseServer: Logged in player 'Siridium' locally
[00:37:03.135] [Info] UniverseServer: Logged in account '<anonymous>' as player 'Siridium' from address local
[00:37:03.162] [Info] UniverseServer: Loading system world (-155, 323, -283747674) from disk storage
[00:37:03.200] [Info] UniverseClient: Joined server as client 1
[00:37:03.235] [Info] UniverseServer: Reviving player at ClientShipWorld:568b1b216e43cf457ecf1d3f25adf55e
[00:37:03.235] [Info] UniverseServer: Client 'Siridium' <1> (local) connected
[00:37:03.246] [Info] UniverseServer: Loading client ship world ClientShipWorld:568b1b216e43cf457ecf1d3f25adf55e
[00:37:03.393] [Info] Protected dungeonIds for world set to (65524)
[00:37:03.689] [Info] detected supported OpenGL texture size 16384, using atlasNumCells 64
[00:37:03.690] [Info] detected supported OpenGL texture size 16384, using atlasNumCells 128
[00:37:03.703] [Info] detected supported OpenGL texture size 16384, using atlasNumCells 256
[00:37:03.703] [Info] detected supported OpenGL texture size 16384, using atlasNumCells 256
[00:37:03.703] [Info] Setting steam rich presence connection as steamid_76561198236190162
[00:37:03.715] [Error] Cannot set Steam achievement kill10poptops
[00:37:03.751] [Info] UniverseServer: listening for incoming TCP connections on 0.0.0.0:21025
[00:37:04.774] [Info] UniverseServer: Warping player 1 to ClientShipWorld:568b1b216e43cf457ecf1d3f25adf55e=954.138.1009
[00:37:04.925] [Info] Setting discord join secret as connect:discord_303447400289140736_570150764006080542_091dd04943ba6ad3
[00:42:44.586] [Info] Chat: <server> Admin privileges now given to player Siridium
[00:52:42.844] [Info] UniverseClient: Client disconnecting...
[00:52:42.960] [Info] Client received world stop packet, leaving: Removed
[00:52:43.385] [Info] UniverseServer: Client 'Siridium' <1> (local) disconnected for reason: 
[00:52:43.389] [Info] UniverseServer: Stopping idle world ClientShipWorld:568b1b216e43cf457ecf1d3f25adf55e
[00:52:44.385] [Info] UniverseServer: Stopping UniverseServer
[00:52:44.388] [Info] UniverseServer: Stopping TCP Server
[00:52:44.481] [Info] Clearing steam rich presence connection
[00:52:44.483] [Info] Deleting discord server lobby 570150764006080542
[00:52:44.892] [Error] Could not connect delete server lobby (err 0)
[00:52:46.371] [Info] Application: quit requested
[00:52:46.371] [Info] Application: quitting...
[00:52:46.372] [Info] Application: shutdown...
[00:52:46.724] [Info] Root: Shutting down Root
[00:52:47.498] [Info] Application: Destroying SDL Window
[00:52:47.598] [Info] Deleting discord server lobby 570150764006080542
[00:52:47.602] [Info] Application: stopped gracefully
